Using pre-set license
Built from '2021.1/staging' branch; Version is '2021.1.28f1 (f3f9dc10f3dd) revision 15989212'; Using compiler version '192528614'; Build Type 'Release'
OS: 'Windows 10 Home; OS build 19043.1526; Version 2009; 64bit' Language: 'de' Physical Memory: 16159 MB
BatchMode: 1, IsHumanControllingUs: 0, StartBugReporterOnCrash: 0, Is64bit: 1, IsPro: 0

COMMAND LINE ARGUMENTS:
C:\Program Files\Unity\Hub\Editor\2021.1.28f1\Editor\Unity.exe
-adb2
-batchMode
-noUpm
-name
AssetImportWorker0
-projectPath
C:/Users/User/Dropbox/Mein PC (Lenovo-IP-C340)/Documents/GitHub/platformer/2d-platformer/2D-Platformer
-logFile
Logs/AssetImportWorker0.log
-srvPort
62766
Successfully changed project path to: C:/Users/User/Dropbox/Mein PC (Lenovo-IP-C340)/Documents/GitHub/platformer/2d-platformer/2D-Platformer
C:/Users/User/Dropbox/Mein PC (Lenovo-IP-C340)/Documents/GitHub/platformer/2d-platformer/2D-Platformer
Using Asset Import Pipeline V2.
Refreshing native plugins compatible for Editor in 134.74 ms, found 4 plugins.
Preloading 0 native plugins for Editor in 0.00 ms.
Initialize engine version: 2021.1.28f1 (f3f9dc10f3dd)
[Subsystems] Discovering subsystems at path C:/Program Files/Unity/Hub/Editor/2021.1.28f1/Editor/Data/Resources/UnitySubsystems
[Subsystems] Discovering subsystems at path C:/Users/User/Dropbox/Mein PC (Lenovo-IP-C340)/Documents/GitHub/platformer/2d-platformer/2D-Platformer/Assets
GfxDevice: creating device client; threaded=0; jobified=0
Direct3D:
    Version:  Direct3D 11.0 [level 11.1]
    Renderer: Intel(R) Iris(R) Plus Graphics (ID=0x8a52)
    Vendor:   Intel
    VRAM:     8079 MB
    Driver:   27.20.100.8783
Initialize mono
Mono path[0] = 'C:/Program Files/Unity/Hub/Editor/2021.1.28f1/Editor/Data/Managed'
Mono path[1] = 'C:/Program Files/Unity/Hub/Editor/2021.1.28f1/Editor/Data/MonoBleedingEdge/lib/mono/unityjit'
Mono config path = 'C:/Program Files/Unity/Hub/Editor/2021.1.28f1/Editor/Data/MonoBleedingEdge/etc'
Using monoOptions --debugger-agent=transport=dt_socket,embedding=1,server=y,suspend=n,address=127.0.0.1:56288
Begin MonoManager ReloadAssembly
Registering precompiled unity dll's ...
Register platform support module: C:/Program Files/Unity/Hub/Editor/2021.1.28f1/Editor/Data/PlaybackEngines/WebGLSupport/UnityEditor.WebGL.Extensions.dll
Register platform support module: C:/Program Files/Unity/Hub/Editor/2021.1.28f1/Editor/Data/PlaybackEngines/WindowsStandaloneSupport/UnityEditor.WindowsStandalone.Extensions.dll
Registered in 0.002381 seconds.
Native extension for WindowsStandalone target not found
Native extension for WebGL target not found
Refreshing native plugins compatible for Editor in 127.84 ms, found 4 plugins.
Preloading 0 native plugins for Editor in 0.00 ms.
Mono: successfully reloaded assembly
- Completed reload, in  1.229 seconds
Domain Reload Profiling:
	ReloadAssembly (1229ms)
		BeginReloadAssembly (61ms)
			ExecutionOrderSort (0ms)
			DisableScriptedObjects (0ms)
			BackupInstance (0ms)
			ReleaseScriptingObjects (0ms)
			CreateAndSetChildDomain (1ms)
		EndReloadAssembly (521ms)
			LoadAssemblies (59ms)
			RebuildTransferFunctionScriptingTraits (0ms)
			SetupTypeCache (159ms)
			ReleaseScriptCaches (0ms)
			RebuildScriptCaches (27ms)
			SetupLoadedEditorAssemblies (285ms)
				LogAssemblyErrors (0ms)
				InitializePlatformSupportModulesInManaged (7ms)
				SetLoadedEditorAssemblies (0ms)
				RefreshPlugins (128ms)
				BeforeProcessingInitializeOnLoad (1ms)
				ProcessInitializeOnLoadAttributes (119ms)
				ProcessInitializeOnLoadMethodAttributes (29ms)
				AfterProcessingInitializeOnLoad (0ms)
				EditorAssembliesLoaded (0ms)
			ExecutionOrderSort2 (0ms)
			AwakeInstancesAfterBackupRestoration (0ms)
Platform modules already initialized, skipping
Registering precompiled user dll's ...
Registered in 0.010429 seconds.
Begin MonoManager ReloadAssembly
Symbol file LoadedFromMemory doesn't match image C:\Users\User\Dropbox\Mein PC (Lenovo-IP-C340)\Documents\GitHub\platformer\2d-platformer\2D-Platformer\Library\PackageCache\com.unity.visualscripting@1.6.1\Editor\VisualScripting.Core\Dependencies\YamlDotNet\Unity.VisualScripting.YamlDotNet.dll
Symbol file LoadedFromMemory doesn't match image C:\Users\User\Dropbox\Mein PC (Lenovo-IP-C340)\Documents\GitHub\platformer\2d-platformer\2D-Platformer\Library\PackageCache\com.unity.visualscripting@1.6.1\Editor\VisualScripting.Core\Dependencies\DotNetZip\Unity.VisualScripting.IonicZip.dll
Native extension for WindowsStandalone target not found
Native extension for WebGL target not found
Refreshing native plugins compatible for Editor in 139.52 ms, found 4 plugins.
Preloading 0 native plugins for Editor in 0.00 ms.
Mono: successfully reloaded assembly
- Completed reload, in  1.410 seconds
Domain Reload Profiling:
	ReloadAssembly (1411ms)
		BeginReloadAssembly (157ms)
			ExecutionOrderSort (0ms)
			DisableScriptedObjects (4ms)
			BackupInstance (0ms)
			ReleaseScriptingObjects (0ms)
			CreateAndSetChildDomain (20ms)
		EndReloadAssembly (1189ms)
			LoadAssemblies (120ms)
			RebuildTransferFunctionScriptingTraits (0ms)
			SetupTypeCache (422ms)
			ReleaseScriptCaches (0ms)
			RebuildScriptCaches (53ms)
			SetupLoadedEditorAssemblies (503ms)
				LogAssemblyErrors (0ms)
				InitializePlatformSupportModulesInManaged (5ms)
				SetLoadedEditorAssemblies (0ms)
				RefreshPlugins (140ms)
				BeforeProcessingInitializeOnLoad (104ms)
				ProcessInitializeOnLoadAttributes (227ms)
				ProcessInitializeOnLoadMethodAttributes (21ms)
				AfterProcessingInitializeOnLoad (6ms)
				EditorAssembliesLoaded (0ms)
			ExecutionOrderSort2 (0ms)
			AwakeInstancesAfterBackupRestoration (6ms)
Platform modules already initialized, skipping
========================================================================
Worker process is ready to serve import requests
Launched and connected shader compiler UnityShaderCompiler.exe after 0.05 seconds
Refreshing native plugins compatible for Editor in 1.32 ms, found 4 plugins.
Preloading 0 native plugins for Editor in 0.00 ms.
Unloading 3945 Unused Serialized files (Serialized files now loaded: 0)
System memory in use before: 146.9 MB.
System memory in use after: 147.6 MB.

Unloading 34 unused Assets to reduce memory usage. Loaded Objects now: 4392.
Total: 4.023100 ms (FindLiveObjects: 0.322200 ms CreateObjectMapping: 0.122100 ms MarkObjects: 3.473200 ms  DeleteObjects: 0.104400 ms)

AssetImportParameters requested are different than current active one (requested -> active):
  custom:framework-win-MediaFoundation: 216162199b28c13a410421893ffa2e32 -> 
  custom:video-decoder-ogg-theora: a1e56fd34408186e4bbccfd4996cb3dc -> 
  custom:container-muxer-webm: aa71ff27fc2769a1b78a27578f13a17b -> 
  custom:container-demuxer-webm: 4f35f7cbe854078d1ac9338744f61a02 -> 
  custom:container-demuxer-ogg: 62fdf1f143b41e24485cea50d1cbac27 -> 
  custom:video-encoder-webm-vp8: eb34c28f22e8b96e1ab97ce403110664 -> 
  custom:video-codec-MediaFoundation-h265: 746d11721c4dcdbdad8f713fa42b33f4 -> 
  custom:video-decoder-webm-vp8: 9c59270c3fd7afecdb556c50c9e8de78 -> 
  custom:audio-decoder-ogg-vorbis: bf7c407c2cedff20999df2af8eb42d56 -> 
  custom:audio-encoder-webm-vorbis: bf7c407c2cedff20999df2af8eb42d56 -> 
========================================================================
Received Import Request.
  path: Assets/Janic.unity
  artifactKey: Guid(c5c160dead078b445a599b8497bde2f4) Importer(815301076,1909f56bfc062723c751e8b465ee728b)
Start importing Assets/Janic.unity using Guid(c5c160dead078b445a599b8497bde2f4) Importer(815301076,1909f56bfc062723c751e8b465ee728b)  -> (artifact id: '77cf1d4a9efda335791fbe44b7823523') in 0.014493 seconds 
========================================================================
Received Import Request.
  Time since last request: 0.000279 seconds.
  path: Assets/PlayerMat.physicsMaterial2D
  artifactKey: Guid(7888e999b898d364893343b8dfea3e74) Importer(815301076,1909f56bfc062723c751e8b465ee728b)
Start importing Assets/PlayerMat.physicsMaterial2D using Guid(7888e999b898d364893343b8dfea3e74) Importer(815301076,1909f56bfc062723c751e8b465ee728b)  -> (artifact id: 'dbd81f9116ab8855ce7cccef98ffe316') in 0.027734 seconds 
========================================================================
Received Import Request.
  Time since last request: 0.000274 seconds.
  path: Assets/Slot.psd
  artifactKey: Guid(5a57ac37b1c607e42a3f36fd1ef8d8ac) Importer(815301076,1909f56bfc062723c751e8b465ee728b)
Start importing Assets/Slot.psd using Guid(5a57ac37b1c607e42a3f36fd1ef8d8ac) Importer(815301076,1909f56bfc062723c751e8b465ee728b)  -> (artifact id: 'ed77a32026a4fb4b123c468a308d3471') in 0.089898 seconds 
========================================================================
Received Prepare
Registering precompiled user dll's ...
Registered in 0.011077 seconds.
Begin MonoManager ReloadAssembly
Symbol file LoadedFromMemory doesn't match image C:\Users\User\Dropbox\Mein PC (Lenovo-IP-C340)\Documents\GitHub\platformer\2d-platformer\2D-Platformer\Library\PackageCache\com.unity.visualscripting@1.6.1\Editor\VisualScripting.Core\Dependencies\YamlDotNet\Unity.VisualScripting.YamlDotNet.dll
Symbol file LoadedFromMemory doesn't match image C:\Users\User\Dropbox\Mein PC (Lenovo-IP-C340)\Documents\GitHub\platformer\2d-platformer\2D-Platformer\Library\PackageCache\com.unity.visualscripting@1.6.1\Editor\VisualScripting.Core\Dependencies\DotNetZip\Unity.VisualScripting.IonicZip.dll
Native extension for WindowsStandalone target not found
Native extension for WebGL target not found
Refreshing native plugins compatible for Editor in 0.91 ms, found 4 plugins.
Preloading 0 native plugins for Editor in 0.00 ms.
Mono: successfully reloaded assembly
- Completed reload, in  1.303 seconds
Domain Reload Profiling:
	ReloadAssembly (1303ms)
		BeginReloadAssembly (151ms)
			ExecutionOrderSort (0ms)
			DisableScriptedObjects (6ms)
			BackupInstance (0ms)
			ReleaseScriptingObjects (0ms)
			CreateAndSetChildDomain (48ms)
		EndReloadAssembly (1082ms)
			LoadAssemblies (135ms)
			RebuildTransferFunctionScriptingTraits (0ms)
			SetupTypeCache (435ms)
			ReleaseScriptCaches (1ms)
			RebuildScriptCaches (51ms)
			SetupLoadedEditorAssemblies (358ms)
				LogAssemblyErrors (0ms)
				InitializePlatformSupportModulesInManaged (6ms)
				SetLoadedEditorAssemblies (0ms)
				RefreshPlugins (1ms)
				BeforeProcessingInitializeOnLoad (90ms)
				ProcessInitializeOnLoadAttributes (239ms)
				ProcessInitializeOnLoadMethodAttributes (14ms)
				AfterProcessingInitializeOnLoad (7ms)
				EditorAssembliesLoaded (0ms)
			ExecutionOrderSort2 (0ms)
			AwakeInstancesAfterBackupRestoration (15ms)
Platform modules already initialized, skipping
Refreshing native plugins compatible for Editor in 1.07 ms, found 4 plugins.
Preloading 0 native plugins for Editor in 0.00 ms.
Unloading 3946 Unused Serialized files (Serialized files now loaded: 0)
System memory in use before: 151.5 MB.
System memory in use after: 151.7 MB.

Unloading 22 unused Assets to reduce memory usage. Loaded Objects now: 4438.
Total: 4.976900 ms (FindLiveObjects: 0.540600 ms CreateObjectMapping: 0.326100 ms MarkObjects: 4.078400 ms  DeleteObjects: 0.030100 ms)

AssetImportParameters requested are different than current active one (requested -> active):
  custom:framework-win-MediaFoundation: 216162199b28c13a410421893ffa2e32 -> 
  custom:video-decoder-ogg-theora: a1e56fd34408186e4bbccfd4996cb3dc -> 
  custom:container-muxer-webm: aa71ff27fc2769a1b78a27578f13a17b -> 
  custom:container-demuxer-webm: 4f35f7cbe854078d1ac9338744f61a02 -> 
  custom:container-demuxer-ogg: 62fdf1f143b41e24485cea50d1cbac27 -> 
  custom:video-encoder-webm-vp8: eb34c28f22e8b96e1ab97ce403110664 -> 
  custom:video-codec-MediaFoundation-h265: 746d11721c4dcdbdad8f713fa42b33f4 -> 
  custom:video-decoder-webm-vp8: 9c59270c3fd7afecdb556c50c9e8de78 -> 
  custom:audio-decoder-ogg-vorbis: bf7c407c2cedff20999df2af8eb42d56 -> 
  custom:audio-encoder-webm-vorbis: bf7c407c2cedff20999df2af8eb42d56 -> 
========================================================================
Received Import Request.
  Time since last request: 1120.998318 seconds.
  path: Assets/Assets/BayatGames/Free Platform Game Assets/Backgrounds/New Background ( Update 1.7 )/png/1920x1080/Background/NewBackground1920x1080.png
  artifactKey: Guid(bdfa926720788184eb23c0a9a71ec9ac) Importer(815301076,1909f56bfc062723c751e8b465ee728b)
Start importing Assets/Assets/BayatGames/Free Platform Game Assets/Backgrounds/New Background ( Update 1.7 )/png/1920x1080/Background/NewBackground1920x1080.png using Guid(bdfa926720788184eb23c0a9a71ec9ac) Importer(815301076,1909f56bfc062723c751e8b465ee728b)  -> (artifact id: '1976c3f306e978aa2557a96268d22712') in 0.093769 seconds 
========================================================================
Received Import Request.
  Time since last request: 8.907164 seconds.
  path: Assets/Assets/BayatGames/Free Platform Game Assets/Backgrounds/New Background ( Update 1.7 )/png/1920x1080/Background/background.png
  artifactKey: Guid(bdfa926720788184eb23c0a9a71ec9ac) Importer(815301076,1909f56bfc062723c751e8b465ee728b)
Start importing Assets/Assets/BayatGames/Free Platform Game Assets/Backgrounds/New Background ( Update 1.7 )/png/1920x1080/Background/background.png using Guid(bdfa926720788184eb23c0a9a71ec9ac) Importer(815301076,1909f56bfc062723c751e8b465ee728b)  -> (artifact id: '6b4caccd79cf740b5f85dd1962519e97') in 0.015394 seconds 
========================================================================
Received Import Request.
  Time since last request: 191.538298 seconds.
  path: Assets/Assets/BayatGames/Free Platform Game Assets/Backgrounds/New Background ( Update 1.9 )/png/1920x1080/background/NewBackgraound 1920x1080 (2).png
  artifactKey: Guid(b165ec2539a23044ca486a2248259c5e) Importer(815301076,1909f56bfc062723c751e8b465ee728b)
Start importing Assets/Assets/BayatGames/Free Platform Game Assets/Backgrounds/New Background ( Update 1.9 )/png/1920x1080/background/NewBackgraound 1920x1080 (2).png using Guid(b165ec2539a23044ca486a2248259c5e) Importer(815301076,1909f56bfc062723c751e8b465ee728b)  -> (artifact id: '9e52198c75336d5152decb5f6619c03f') in 0.014809 seconds 
========================================================================
Received Import Request.
  Time since last request: 0.000315 seconds.
  path: Assets/Assets/BayatGames/Free Platform Game Assets/Backgrounds/New Background ( Update 1.9 )/png/1920x1080/background/NewBackgraound 1920x1080.png
  artifactKey: Guid(f7663f2a818355d43a78a0b104c72971) Importer(815301076,1909f56bfc062723c751e8b465ee728b)
Start importing Assets/Assets/BayatGames/Free Platform Game Assets/Backgrounds/New Background ( Update 1.9 )/png/1920x1080/background/NewBackgraound 1920x1080.png using Guid(f7663f2a818355d43a78a0b104c72971) Importer(815301076,1909f56bfc062723c751e8b465ee728b)  -> (artifact id: '95ce2d4ce4cc77ab88da85be6cc7bc63') in 0.017022 seconds 
========================================================================
Received Import Request.
  Time since last request: 6.571771 seconds.
  path: Assets/Assets/BayatGames/Free Platform Game Assets/Backgrounds/New Background ( Update 1.9 )/png/1920x1080/background/background1.png
  artifactKey: Guid(f7663f2a818355d43a78a0b104c72971) Importer(815301076,1909f56bfc062723c751e8b465ee728b)
Start importing Assets/Assets/BayatGames/Free Platform Game Assets/Backgrounds/New Background ( Update 1.9 )/png/1920x1080/background/background1.png using Guid(f7663f2a818355d43a78a0b104c72971) Importer(815301076,1909f56bfc062723c751e8b465ee728b)  -> (artifact id: '460f7db0b0fc7e75b22e2de2a7aaa291') in 0.019552 seconds 
========================================================================
Received Import Request.
  Time since last request: 4.259289 seconds.
  path: Assets/Assets/BayatGames/Free Platform Game Assets/Backgrounds/New Background ( Update 1.9 )/png/1920x1080/background/background2.png
  artifactKey: Guid(b165ec2539a23044ca486a2248259c5e) Importer(815301076,1909f56bfc062723c751e8b465ee728b)
Start importing Assets/Assets/BayatGames/Free Platform Game Assets/Backgrounds/New Background ( Update 1.9 )/png/1920x1080/background/background2.png using Guid(b165ec2539a23044ca486a2248259c5e) Importer(815301076,1909f56bfc062723c751e8b465ee728b)  -> (artifact id: 'a19576dcc0b9cadf62662e3278171156') in 0.019869 seconds 
========================================================================
Received Import Request.
  Time since last request: 15.671985 seconds.
  path: Assets/Assets/BayatGames/Free Platform Game Assets/Backgrounds/New Background ( Update 1.9 )/png/2048x1024/backgraound/NewBackgraound 2048x1024 (2).png
  artifactKey: Guid(19d733bea3ea2de40bf6d0cfae1ed07b) Importer(815301076,1909f56bfc062723c751e8b465ee728b)
Start importing Assets/Assets/BayatGames/Free Platform Game Assets/Backgrounds/New Background ( Update 1.9 )/png/2048x1024/backgraound/NewBackgraound 2048x1024 (2).png using Guid(19d733bea3ea2de40bf6d0cfae1ed07b) Importer(815301076,1909f56bfc062723c751e8b465ee728b)  -> (artifact id: '5263b148ddd81e90157ef8ad2c3c0f03') in 0.014213 seconds 
========================================================================
Received Import Request.
  Time since last request: 0.000325 seconds.
  path: Assets/Assets/BayatGames/Free Platform Game Assets/Backgrounds/New Background ( Update 1.9 )/png/2048x1024/backgraound/NewBackgraound 2048x1024.png
  artifactKey: Guid(05c7388edd668bf4e99a771d2331e75c) Importer(815301076,1909f56bfc062723c751e8b465ee728b)
Start importing Assets/Assets/BayatGames/Free Platform Game Assets/Backgrounds/New Background ( Update 1.9 )/png/2048x1024/backgraound/NewBackgraound 2048x1024.png using Guid(05c7388edd668bf4e99a771d2331e75c) Importer(815301076,1909f56bfc062723c751e8b465ee728b)  -> (artifact id: '3d083a5b1bf19310db95b0ed8748f161') in 0.019142 seconds 
========================================================================
Received Import Request.
  Time since last request: 5.295699 seconds.
  path: Assets/Assets/BayatGames/Free Platform Game Assets/Backgrounds/New Background ( Update 1.9 )/png/2048x1024/backgraound/background§.png
  artifactKey: Guid(05c7388edd668bf4e99a771d2331e75c) Importer(815301076,1909f56bfc062723c751e8b465ee728b)
Start importing Assets/Assets/BayatGames/Free Platform Game Assets/Backgrounds/New Background ( Update 1.9 )/png/2048x1024/backgraound/background§.png using Guid(05c7388edd668bf4e99a771d2331e75c) Importer(815301076,1909f56bfc062723c751e8b465ee728b)  -> (artifact id: '3950d33d5e17c64c7faf7776fdf4d8c6') in 0.018563 seconds 
========================================================================
Received Import Request.
  Time since last request: 3.795235 seconds.
  path: Assets/Assets/BayatGames/Free Platform Game Assets/Backgrounds/New Background ( Update 1.9 )/png/2048x1024/backgraound/background.png
  artifactKey: Guid(05c7388edd668bf4e99a771d2331e75c) Importer(815301076,1909f56bfc062723c751e8b465ee728b)
Start importing Assets/Assets/BayatGames/Free Platform Game Assets/Backgrounds/New Background ( Update 1.9 )/png/2048x1024/backgraound/background.png using Guid(05c7388edd668bf4e99a771d2331e75c) Importer(815301076,1909f56bfc062723c751e8b465ee728b)  -> (artifact id: 'b2f9e83c648e223b616ebe8e00ea3afa') in 0.017719 seconds 
========================================================================
Received Import Request.
  Time since last request: 8.056026 seconds.
  path: Assets/Assets/BayatGames/Free Platform Game Assets/Backgrounds/New Background ( Update 1.9 )/png/2048x1024/backgraound/background§.png
  artifactKey: Guid(19d733bea3ea2de40bf6d0cfae1ed07b) Importer(815301076,1909f56bfc062723c751e8b465ee728b)
Start importing Assets/Assets/BayatGames/Free Platform Game Assets/Backgrounds/New Background ( Update 1.9 )/png/2048x1024/backgraound/background§.png using Guid(19d733bea3ea2de40bf6d0cfae1ed07b) Importer(815301076,1909f56bfc062723c751e8b465ee728b)  -> (artifact id: '22b88abae78d7136e2cfa61eafc23131') in 0.017722 seconds 
========================================================================
Received Import Request.
  Time since last request: 6.217809 seconds.
  path: Assets/Assets/BayatGames/Free Platform Game Assets/Backgrounds/New Background ( Update 1.9 )/png/2048x1024/backgraound/background1.png
  artifactKey: Guid(19d733bea3ea2de40bf6d0cfae1ed07b) Importer(815301076,1909f56bfc062723c751e8b465ee728b)
Start importing Assets/Assets/BayatGames/Free Platform Game Assets/Backgrounds/New Background ( Update 1.9 )/png/2048x1024/backgraound/background1.png using Guid(19d733bea3ea2de40bf6d0cfae1ed07b) Importer(815301076,1909f56bfc062723c751e8b465ee728b)  -> (artifact id: '4dd088e7d1265bc4878e7be647289a7e') in 0.018499 seconds 
